<?xml version="1.0" encoding="UTF-8"?>
<!-- Generated by org.testng.reporters.JUnitXMLReporter -->
<testsuite ignored="0" hostname="pop-os" failures="0" tests="6" name="Command line test" time="1.711" errors="0" timestamp="2025-05-05T15:18:59 EEST">
  <testcase classname="com.crm.googleaccounts.ReadAccountTest" name="readAccount" time="0.002"/>
  <testcase classname="com.crm.googleaccounts.UpdateAccountTest" name="updateAccount" time="0.0"/>
  <testcase classname="com.crm.googleaccounts.SearchAccountTest" name="searchAccount" time="0.0"/>
  <testcase classname="com.crm.googleaccounts.DeleteAccountTest" name="deleteAccount" time="0.0"/>
  <testcase classname="com.crm.googleaccounts.CreateAccountTest" name="createAccount" time="0.0"/>
  <testcase classname="com.crm.login.LoginTest" name="testLogin" time="0.0"/>
</testsuite> <!-- Command line test -->
